0 info it worked if it ends with ok
1 verbose cli [ '/usr/local/Cellar/node/6.5.0/bin/node',
1 verbose cli   '/usr/local/bin/npm',
1 verbose cli   'publish' ]
2 info using npm@3.10.3
3 info using node@v6.5.0
4 verbose publish [ '.' ]
5 silly cache add args [ '.', null ]
6 verbose cache add spec .
7 silly cache add parsed spec Result {
7 silly cache add   raw: '.',
7 silly cache add   scope: null,
7 silly cache add   escapedName: null,
7 silly cache add   name: null,
7 silly cache add   rawSpec: '.',
7 silly cache add   spec: '/Users/davidkatz/Coding/node/sfcookies',
7 silly cache add   type: 'directory' }
8 verbose addLocalDirectory /Users/davidkatz/.npm/sfcookies/1.0.0/package.tgz not in flight; packing
9 verbose correctMkdir /Users/davidkatz/.npm correctMkdir not in flight; initializing
10 info lifecycle sfcookies@1.0.0~prepublish: sfcookies@1.0.0
11 silly lifecycle sfcookies@1.0.0~prepublish: no script for prepublish, continuing
12 verbose tar pack [ '/Users/davidkatz/.npm/sfcookies/1.0.0/package.tgz',
12 verbose tar pack   '/Users/davidkatz/Coding/node/sfcookies' ]
13 verbose tarball /Users/davidkatz/.npm/sfcookies/1.0.0/package.tgz
14 verbose folder /Users/davidkatz/Coding/node/sfcookies
15 verbose addLocalTarball adding from inside cache /Users/davidkatz/.npm/sfcookies/1.0.0/package.tgz
16 verbose correctMkdir /Users/davidkatz/.npm correctMkdir not in flight; initializing
17 silly cache afterAdd sfcookies@1.0.0
18 verbose afterAdd /Users/davidkatz/.npm/sfcookies/1.0.0/package/package.json not in flight; writing
19 verbose correctMkdir /Users/davidkatz/.npm correctMkdir not in flight; initializing
20 verbose afterAdd /Users/davidkatz/.npm/sfcookies/1.0.0/package/package.json written
21 silly publish { name: 'sfcookies',
21 silly publish   version: '1.0.0',
21 silly publish   description: 'Giving react projects access to browser cookies.',
21 silly publish   main: 'index.js',
21 silly publish   scripts: { test: 'echo "Error: no test specified" && exit 1' },
21 silly publish   repository:
21 silly publish    { type: 'git',
21 silly publish      url: 'git+https://github.com/15Dkatz/sfcookies.git' },
21 silly publish   keywords: [ 'Cookies', 'React', 'ReactJS' ],
21 silly publish   author:
21 silly publish    { name: 'David Katz',
21 silly publish      email: '15Dkatz@shcp.edu',
21 silly publish      url: 'http://davidtkatz.com/' },
21 silly publish   license: 'ISC',
21 silly publish   bugs: { url: 'https://github.com/15Dkatz/sfcookies/issues' },
21 silly publish   homepage: 'https://github.com/15Dkatz/sfcookies#readme',
21 silly publish   readme: '#sfcookies\n\nBuilt to give React Applications access to browser cookies.',
21 silly publish   readmeFilename: 'README.md',
21 silly publish   gitHead: 'e757b618a8b229a44dc7e7ad3cfb3a46f1667d8a',
21 silly publish   _id: 'sfcookies@1.0.0',
21 silly publish   _shasum: '9c2307457fad575b15f644b4d2ce56fb476122d4',
21 silly publish   _from: '.' }
22 verbose getPublishConfig undefined
23 silly mapToRegistry name sfcookies
24 silly mapToRegistry using default registry
25 silly mapToRegistry registry https://registry.npmjs.org/
26 silly mapToRegistry data Result {
26 silly mapToRegistry   raw: 'sfcookies',
26 silly mapToRegistry   scope: null,
26 silly mapToRegistry   escapedName: 'sfcookies',
26 silly mapToRegistry   name: 'sfcookies',
26 silly mapToRegistry   rawSpec: '',
26 silly mapToRegistry   spec: 'latest',
26 silly mapToRegistry   type: 'tag' }
27 silly mapToRegistry uri https://registry.npmjs.org/sfcookies
28 verbose publish registryBase https://registry.npmjs.org/
29 silly publish uploading /Users/davidkatz/.npm/sfcookies/1.0.0/package.tgz
30 verbose request uri https://registry.npmjs.org/sfcookies
31 verbose request sending authorization for write operation
32 info attempt registry request try #1 at 4:05:13 PM
33 verbose request using bearer token for auth
34 verbose request id e11154145b5be7cd
35 http request PUT https://registry.npmjs.org/sfcookies
36 http 403 https://registry.npmjs.org/sfcookies
37 verbose headers { 'content-type': 'application/json',
37 verbose headers   'cache-control': 'max-age=300',
37 verbose headers   'content-length': '95',
37 verbose headers   'accept-ranges': 'bytes',
37 verbose headers   date: 'Sun, 15 Jan 2017 00:05:14 GMT',
37 verbose headers   via: '1.1 varnish',
37 verbose headers   connection: 'keep-alive',
37 verbose headers   'x-served-by': 'cache-lax8620-LAX',
37 verbose headers   'x-cache': 'MISS',
37 verbose headers   'x-cache-hits': '0',
37 verbose headers   'x-timer': 'S1484438713.860268,VS0,VE213',
37 verbose headers   vary: 'Accept-Encoding' }
38 verbose request invalidating /Users/davidkatz/.npm/registry.npmjs.org/sfcookies on PUT
39 error publish Failed PUT 403
40 verbose stack Error: "You cannot publish over the previously published version 1.0.0." : sfcookies
40 verbose stack     at makeError (/usr/local/lib/node_modules/npm/node_modules/npm-registry-client/lib/request.js:264:12)
40 verbose stack     at CachingRegistryClient.<anonymous> (/usr/local/lib/node_modules/npm/node_modules/npm-registry-client/lib/request.js:252:14)
40 verbose stack     at Request._callback (/usr/local/lib/node_modules/npm/node_modules/npm-registry-client/lib/request.js:172:14)
40 verbose stack     at Request.self.callback (/usr/local/lib/node_modules/npm/node_modules/request/request.js:200:22)
40 verbose stack     at emitTwo (events.js:106:13)
40 verbose stack     at Request.emit (events.js:191:7)
40 verbose stack     at Request.<anonymous> (/usr/local/lib/node_modules/npm/node_modules/request/request.js:1067:10)
40 verbose stack     at emitOne (events.js:101:20)
40 verbose stack     at Request.emit (events.js:188:7)
40 verbose stack     at IncomingMessage.<anonymous> (/usr/local/lib/node_modules/npm/node_modules/request/request.js:988:12)
41 verbose statusCode 403
42 verbose pkgid sfcookies
43 verbose cwd /Users/davidkatz/Coding/node/sfcookies
44 error Darwin 15.6.0
45 error argv "/usr/local/Cellar/node/6.5.0/bin/node" "/usr/local/bin/npm" "publish"
46 error node v6.5.0
47 error npm  v3.10.3
48 error code E403
49 error "You cannot publish over the previously published version 1.0.0." : sfcookies
50 error If you need help, you may report this error at:
50 error     <https://github.com/npm/npm/issues>
51 verbose exit [ 1, true ]
